<?xml version="1.0" encoding="UTF-8"?>
<testng-results ignored="0" total="1" passed="1" failed="0" skipped="0">
  <reporter-output>
  </reporter-output>
  <suite started-at="2026-06-08T22:05:17 IST" name="Default suite" finished-at="2026-06-08T22:05:32 IST" duration-ms="14599">
    <groups>
    </groups>
    <test started-at="2026-06-08T22:05:17 IST" name="Default test" finished-at="2026-06-08T22:05:32 IST" duration-ms="14599">
      <class name="tests.LoginTest">
        <test-method signature="login()[pri:0, instance:tests.LoginTest@35d019a3]" started-at="2026-06-08T22:05:17 IST" name="login" finished-at="2026-06-08T22:05:32 IST" duration-ms="14515" status="PASS">
          <reporter-output>
          </reporter-output>
        </test-method> <!-- login -->
      </class> <!-- tests.LoginTest -->
    </test> <!-- Default test -->
  </suite> <!-- Default suite -->
</testng-results>
